<?xml version="1.0" encoding="UTF-8" ?>
<testsuite errors="0" failures="0" hostname="elmimille6-pc" name="tests.Tests" skipped="0" tests="11" time="4.59" timestamp="2015-05-06T10:24:17">
  <properties>
[...]
</properties>
  <testcase classname="tests.Tests" name="sixMovement" time="0.002" />
  <testcase classname="tests.Tests" name="threeMovesMajor" time="0.0" />
  <testcase classname="tests.Tests" name="majorVsLieutenant" time="0.0" />
  <testcase classname="tests.Tests" name="marshalVsBomb" time="0.0" />
  <testcase classname="tests.Tests" name="marshalVsSpy" time="0.001" />
  <testcase classname="tests.Tests" name="spyVsMarshal" time="0.0" />
  <testcase classname="tests.Tests" name="redBlocked" time="0.0" />
  <testcase classname="tests.Tests" name="blueFlagLost" time="0.0" />
  <testcase classname="tests.Tests" name="oneMoveMajor" time="0.0" />
  <testcase classname="tests.Tests" name="minerVsBomb" time="0.0" />
  <testcase classname="tests.Tests" name="marshalVsMarshal" time="0.0" />
  <system-out><![CDATA[]]></system-out>
  <system-err><![CDATA[]]></system-err>
</testsuite>
